<?xml version="1.0" encoding="UTF-8"?>
<!-- Generated by org.testng.reporters.JUnitReportReporter -->
<testsuite hostname="DESKTOP-10RKUNG" failures="0" tests="1" name="com.genericlibrary.BaseClass" time="18.086" errors="0" timestamp="2023-04-19T18:19:34 IST" skipped="0">
  <testcase classname="com.genericlibrary.BaseClass" name="login" time="18.086"/>
  <system-out/>
</testsuite> <!-- com.genericlibrary.BaseClass -->
