<?xml version="1.0" encoding="UTF-8"?>
<!-- Generated by org.testng.reporters.JUnitReportReporter -->
<testsuite hostname="DESKTOP-10RKUNG" failures="0" tests="1" name="com.Apollocms.TestCases" time="61.056" errors="0" timestamp="2023-06-04T13:03:06 IST" skipped="0">
  <testcase classname="com.Apollocms.TestCases" name="test" time="61.056"/>
  <system-out/>
</testsuite> <!-- com.Apollocms.TestCases -->
